Removed Pin From Net: NetName=8.3V Pin=8.3V-1
Removed Pin From Net: NetName=GND Pin=8.3V-2
Change Component Footprint: Designator=8.3V Old Footprint=PHOE-1803277_V New Footprint=SAMTEC_HW-02-08-F-S-330-080
Change Component Comment : Designator=8.3V Old Comment=1803277 New Comment=HW-02-08-F-S-330-080
Change Component Designator: OldDesignator=10uF NewDesignator=C5
Change Component Designator: OldDesignator=10uF NewDesignator=C6
Change Component Designator: OldDesignator=1000uF NewDesignator=C1
Change Component Designator: OldDesignator=1000uF NewDesignator=C2
Change Managed Component Library Link : Designator=8.3V Old VaultGUID=D7A235FC-D8D8-4F5C-B448-38A0973D9972 New VaultGUID= Old ItemGUID=2316E724-4048-4D9A-8720-9258D1C48153 New ItemGUID= Old RevisionGUID=2D244B9B-5C63-4378-8647-28832BD03DCA New RevisionGUID=
Change component parameters: Designator = "8.3V" ("8.3V"); Footprint = "PHOE-1803277_V"; UniqueID = "\QUKBIERX" ("\QUKBIERX")
Change component parameters (AddParameter): Name = "Availability"; Value = "Unavailable"; VariantName = "[No Variations]"
Change component parameters (AddParameter): Name = "MF"; Value = ""; VariantName = "[No Variations]"
Change component parameters (AddParameter): Name = "MP"; Value = "HW-02-08-F-S-330-080"; VariantName = "[No Variations]"
Change component parameters (AddParameter): Name = "Package"; Value = "None"; VariantName = "[No Variations]"
Change component parameters (AddParameter): Name = "Price"; Value = "None"; VariantName = "[No Variations]"
Change component parameters (AddParameter): Name = "Value"; Value = ""; VariantName = "[No Variations]"
Added Pin To Net: NetName=8.3V Pin=8.3V-01
Added Pin To Net: NetName=GND Pin=8.3V-02
Added Member To Class: ClassName=Sheet1(Power supply) Member=Component C2 ECA1HM101
Added Member To Class: ClassName=Sheet1(Power supply) Member=Component C6 ECA1HM101
